<?xml version="1.0" encoding="UTF-8"?>
<testng-results ignored="0" total="1" passed="1" failed="0" skipped="0">
  <reporter-output>
  </reporter-output>
  <suite started-at="2024-05-29T14:27:54 IST" name="Suite" finished-at="2024-05-29T14:28:18 IST" duration-ms="23263">
    <groups>
    </groups>
    <test started-at="2024-05-29T14:27:54 IST" name="Test" finished-at="2024-05-29T14:28:18 IST" duration-ms="23263">
      <class name="tests.ProductSearchTest">
        <test-method is-config="true" signature="launchApplication()[pri:0, instance:tests.ProductSearchTest@49ff7d8c]" started-at="2024-05-29T14:27:55 IST" name="launchApplication" finished-at="2024-05-29T14:28:01 IST" duration-ms="6044" status="PASS">
          <reporter-output>
          </reporter-output>
        </test-method> <!-- launchApplication -->
        <test-method signature="validateProductSearch(java.util.HashMap)[pri:0, instance:tests.ProductSearchTest@49ff7d8c]" started-at="2024-05-29T14:28:01 IST" name="validateProductSearch" data-provider="getData" finished-at="2024-05-29T14:28:16 IST" duration-ms="15160" status="PASS">
          <params>
            <param index="0">
              <value>
                <![CDATA[{productName2=IPhone 13 128 GB, subProductName=Apple Watch SE (GPS + Cellular), category=Electronics, productName1=IPhone 13, parentProduct=Apple Watch}]]>
              </value>
            </param>
          </params>
          <reporter-output>
          </reporter-output>
        </test-method> <!-- validateProductSearch -->
        <test-method is-config="true" signature="tearDown()[pri:0, instance:tests.ProductSearchTest@49ff7d8c]" started-at="2024-05-29T14:28:16 IST" name="tearDown" finished-at="2024-05-29T14:28:18 IST" duration-ms="1825" status="PASS">
          <reporter-output>
          </reporter-output>
        </test-method> <!-- tearDown -->
      </class> <!-- tests.ProductSearchTest -->
    </test> <!-- Test -->
  </suite> <!-- Suite -->
</testng-results>
